<?xml version="1.0" encoding="UTF-8"?>
<robot generator="Robot 5.0.1 (Python 3.10.6 on win32)" generated="20230126 23:27:16.050" rpa="false" schemaversion="3">
<suite id="s1" name="Oppenheimer-Project-Dev" source="C:\Users\NISHTHA MISHRA\OneDrive\Documents\oppenheimer-project-dev">
<suite id="s1-s1" name="Testcases" source="C:\Users\NISHTHA MISHRA\OneDrive\Documents\oppenheimer-project-dev\Testcases">
<suite id="s1-s1-s1" name="TC005 Dispense UI" source="C:\Users\NISHTHA MISHRA\OneDrive\Documents\oppenheimer-project-dev\Testcases\TC005_Dispense_UI.robot">
<kw name="Open Browser" library="SeleniumLibrary" type="SETUP">
<arg>${URL}</arg>
<arg>${BROWSER}</arg>
<doc>Opens a new browser instance to the optional ``url``.</doc>
<msg timestamp="20230126 23:27:16.461" level="INFO">Opening browser 'Chrome' to base url 'http://localhost:8080/'.</msg>
<status status="PASS" starttime="20230126 23:27:16.458" endtime="20230126 23:27:18.629"/>
</kw>
<test id="s1-s1-s1-t1" name="Dispense Now Button On Screen" line="41">
<kw name="Set Window Size" library="SeleniumLibrary">
<arg>1000</arg>
<arg>800</arg>
<doc>Sets current windows size to given ``width`` and ``height``.</doc>
<status status="PASS" starttime="20230126 23:27:18.633" endtime="20230126 23:27:18.787"/>
</kw>
<kw name="Wait Until Element Is Enabled" library="SeleniumLibrary">
<arg>${MAIN_PAGE_DISPENSE_LOCATOR}</arg>
<doc>Waits until the element ``locator`` is enabled.</doc>
<status status="PASS" starttime="20230126 23:27:18.787" endtime="20230126 23:27:18.837"/>
</kw>
<kw name="Get Element Attribute" library="SeleniumLibrary">
<var>${id}</var>
<arg>css:a[href='dispense']</arg>
<arg>id</arg>
<doc>Returns the value of ``attribute`` from the element ``locator``.</doc>
<msg timestamp="20230126 23:27:18.871" level="INFO">${id} = </msg>
<status status="PASS" starttime="20230126 23:27:18.837" endtime="20230126 23:27:18.872"/>
</kw>
<kw name="Log To Console" library="BuiltIn">
<arg>${id}</arg>
<doc>Logs the given message to the console.</doc>
<status status="PASS" starttime="20230126 23:27:18.874" endtime="20230126 23:27:18.878"/>
</kw>
<kw name="Get CSS Property Value">
<var>${element_prop}</var>
<arg>css= a.btn.btn-danger</arg>
<arg>background-color</arg>
<doc>Get the CSS property value of an Element.</doc>
<kw name="Get WebElement" library="SeleniumLibrary">
<var>${css}</var>
<arg>${locator}</arg>
<doc>Returns the first WebElement matching the given ``locator``.</doc>
<msg timestamp="20230126 23:27:18.896" level="INFO">${css} = &lt;selenium.webdriver.remote.webelement.WebElement (session="894dc80335685524daa2269a66857871", element="46fb66d7-16a6-4064-ba56-a2cac9f2456e")&gt;</msg>
<status status="PASS" starttime="20230126 23:27:18.881" endtime="20230126 23:27:18.897"/>
</kw>
<kw name="Call Method" library="BuiltIn">
<var>${prop_val}</var>
<arg>${css}</arg>
<arg>value_of_css_property</arg>
<arg>${attribute name}</arg>
<doc>Calls the named method of the given object with the provided arguments.</doc>
<msg timestamp="20230126 23:27:18.913" level="INFO">${prop_val} = rgba(220, 53, 69, 1)</msg>
<status status="PASS" starttime="20230126 23:27:18.897" endtime="20230126 23:27:18.915"/>
</kw>
<msg timestamp="20230126 23:27:18.915" level="INFO">${element_prop} = rgba(220, 53, 69, 1)</msg>
<status status="PASS" starttime="20230126 23:27:18.879" endtime="20230126 23:27:18.916"/>
</kw>
<kw name="Log To Console" library="BuiltIn">
<arg>${element_prop}</arg>
<doc>Logs the given message to the console.</doc>
<status status="PASS" starttime="20230126 23:27:18.918" endtime="20230126 23:27:18.919"/>
</kw>
<kw name="Run Keyword If" library="BuiltIn">
<arg>"${element_prop}"=="${ExpectedText}"</arg>
<arg>Log To Console</arg>
<arg>"True"</arg>
<doc>Runs the given keyword with the given arguments, if ``condition`` is true.</doc>
<kw name="Log To Console" library="BuiltIn">
<arg>"True"</arg>
<doc>Logs the given message to the console.</doc>
<status status="PASS" starttime="20230126 23:27:18.921" endtime="20230126 23:27:18.922"/>
</kw>
<status status="PASS" starttime="20230126 23:27:18.920" endtime="20230126 23:27:18.922"/>
</kw>
<kw name="Should Be True" library="BuiltIn">
<arg>"${element_prop}"=="${ExpectedText}"</arg>
<doc>Fails if the given condition is not true.</doc>
<status status="PASS" starttime="20230126 23:27:18.924" endtime="20230126 23:27:18.926"/>
</kw>
<kw name="Should Be Equal As Strings" library="BuiltIn">
<arg>${element_prop}</arg>
<arg>rgba(220, 53, 69, 1)</arg>
<doc>Fails if objects are unequal after converting them to strings.</doc>
<status status="PASS" starttime="20230126 23:27:18.927" endtime="20230126 23:27:18.928"/>
</kw>
<kw name="Log To Console" library="BuiltIn">
<arg>Validates Background color of element as Red</arg>
<doc>Logs the given message to the console.</doc>
<status status="PASS" starttime="20230126 23:27:18.929" endtime="20230126 23:27:18.930"/>
</kw>
<doc>This test validates Dispense
now button</doc>
<status status="PASS" starttime="20230126 23:27:18.630" endtime="20230126 23:27:18.931"/>
</test>
<test id="s1-s1-s1-t2" name="Validate Dispense text" line="64">
<kw name="Get Text" library="SeleniumLibrary">
<var>${response}</var>
<arg>${MAIN_PAGE_DISPENSE_LOCATOR}</arg>
<doc>Returns the text value of the element identified by ``locator``.</doc>
<msg timestamp="20230126 23:27:18.971" level="INFO">${response} = Dispense Now</msg>
<status status="PASS" starttime="20230126 23:27:18.936" endtime="20230126 23:27:18.972"/>
</kw>
<kw name="Should Be Equal As Strings" library="BuiltIn">
<arg>${response}</arg>
<arg>Dispense Now</arg>
<doc>Fails if objects are unequal after converting them to strings.</doc>
<status status="PASS" starttime="20230126 23:27:18.973" endtime="20230126 23:27:18.975"/>
</kw>
<doc>This test validates Dispense
now button text</doc>
<tag>UI</tag>
<status status="PASS" starttime="20230126 23:27:18.934" endtime="20230126 23:27:18.978"/>
</test>
<test id="s1-s1-s1-t3" name="Validate Cash dispensed" line="72">
<kw name="Wait Until Page Contains Element" library="SeleniumLibrary">
<arg>${MAIN_PAGE_DISPENSE_LOCATOR}</arg>
<arg>60s</arg>
<doc>Waits until the element ``locator`` appears on the current page.</doc>
<status status="PASS" starttime="20230126 23:27:18.983" endtime="20230126 23:27:18.995"/>
</kw>
<kw name="Double Click Element" library="SeleniumLibrary">
<arg>${MAIN_PAGE_DISPENSE_LOCATOR}</arg>
<doc>Double clicks the element identified by ``locator``.</doc>
<msg timestamp="20230126 23:27:18.997" level="INFO">Double clicking element 'xpath://a[@role='button'][text()='Dispense Now']'.</msg>
<status status="PASS" starttime="20230126 23:27:18.996" endtime="20230126 23:27:19.600"/>
</kw>
<kw name="Page Should Contain Element" library="SeleniumLibrary">
<arg>//div[@class='container']</arg>
<doc>Verifies that element ``locator`` is found on the current page.</doc>
<msg timestamp="20230126 23:27:19.619" level="INFO">Current page contains element '//div[@class='container']'.</msg>
<status status="PASS" starttime="20230126 23:27:19.600" endtime="20230126 23:27:19.621"/>
</kw>
<kw name="Page Should Contain Element" library="SeleniumLibrary">
<arg>xpath://*[contains(text(), "${cashdisp}")]</arg>
<doc>Verifies that element ``locator`` is found on the current page.</doc>
<msg timestamp="20230126 23:27:19.649" level="INFO">Current page contains element 'xpath://*[contains(text(), "Cash dispensed")]'.</msg>
<status status="PASS" starttime="20230126 23:27:19.622" endtime="20230126 23:27:19.650"/>
</kw>
<doc>This test validates Dispense
now button direct to Cash dispense</doc>
<tag>UI</tag>
<status status="PASS" starttime="20230126 23:27:18.981" endtime="20230126 23:27:19.652"/>
</test>
<kw name="Close All Browsers" library="SeleniumLibrary" type="TEARDOWN">
<doc>Closes all open browsers and resets the browser cache.</doc>
<status status="PASS" starttime="20230126 23:27:19.659" endtime="20230126 23:27:21.893"/>
</kw>
<doc>Basic Web testing</doc>
<status status="PASS" starttime="20230126 23:27:16.102" endtime="20230126 23:27:21.893"/>
</suite>
<status status="PASS" starttime="20230126 23:27:16.097" endtime="20230126 23:27:21.897"/>
</suite>
<status status="PASS" starttime="20230126 23:27:16.058" endtime="20230126 23:27:21.900"/>
</suite>
<statistics>
<total>
<stat pass="3" fail="0" skip="0">All Tests</stat>
</total>
<tag>
<stat pass="2" fail="0" skip="0">UI</stat>
</tag>
<suite>
<stat pass="3" fail="0" skip="0" id="s1" name="Oppenheimer-Project-Dev">Oppenheimer-Project-Dev</stat>
<stat pass="3" fail="0" skip="0" id="s1-s1" name="Testcases">Oppenheimer-Project-Dev.Testcases</stat>
<stat pass="3" fail="0" skip="0" id="s1-s1-s1" name="TC005 Dispense UI">Oppenheimer-Project-Dev.Testcases.TC005 Dispense UI</stat>
</suite>
</statistics>
<errors>
</errors>
</robot>
